<?xml version="1.0" encoding="UTF-8"?>
<testsuite xmlns:xsi="http://www.w3.org/2001/XMLSchema-instance" xsi:noNamespaceSchemaLocation="https://maven.apache.org/surefire/maven-surefire-plugin/xsd/surefire-test-report.xsd" name="io.cucumber.shouty.RunCucumberTest" time="0.774" tests="1" errors="1" skipped="0" failures="0">
  <properties>
[...]
</properties>
  <testcase name="Listener is within range" classname="Hear shout" time="0.191">
    <error message="The step &quot;Lucy is loacated 15 meters from Sean&quot; is undefined. You can implement it using the snippet(s) below:&#10;&#10;@Given(&quot;Lucy is loacated {int} meters from Sean&quot;)&#10;public void lucy_is_loacated_meters_from_sean(Integer int1) {&#10;    // Write code here that turns the phrase above into concrete actions&#10;    throw new io.cucumber.java.PendingException();&#10;}&#10;&#10;&#10;Some other steps were also undefined:&#10;&#10;@When(&quot;Sean shouts {string}&quot;)&#10;public void sean_shouts(String string) {&#10;    // Write code here that turns the phrase above into concrete actions&#10;    throw new io.cucumber.java.PendingException();&#10;}&#10;@Then(&quot;Lucy hears Sean&apos;s message&quot;)&#10;public void lucy_hears_sean_s_message() {&#10;    // Write code here that turns the phrase above into concrete actions&#10;    throw new io.cucumber.java.PendingException();&#10;}&#10;" type="io.cucumber.junit.UndefinedStepException">io.cucumber.junit.UndefinedStepException: 
The step "Lucy is loacated 15 meters from Sean" is undefined. You can implement it using the snippet(s) below:

@Given("Lucy is loacated {int} meters from Sean")
public void lucy_is_loacated_meters_from_sean(Integer int1) {
    // Write code here that turns the phrase above into concrete actions
    throw new io.cucumber.java.PendingException();
}


Some other steps were also undefined:

@When("Sean shouts {string}")
public void sean_shouts(String string) {
    // Write code here that turns the phrase above into concrete actions
    throw new io.cucumber.java.PendingException();
}
@Then("Lucy hears Sean's message")
public void lucy_hears_sean_s_message() {
    // Write code here that turns the phrase above into concrete actions
    throw new io.cucumber.java.PendingException();
}

</error>
    <system-out><![CDATA[
Scenario: Listener is within range           &amp#27;[90m# io/cucumber/shouty/hear_shout.feature:2&amp#27;[0m
  &amp#27;[33mGiven &amp#27;[0m&amp#27;[33mLucy is loacated 15 meters from Sean&amp#27;[0m &amp#27;[90m# null&amp#27;[0m
  &amp#27;[36mWhen &amp#27;[0m&amp#27;[36mSean shouts "free bagels at Sean's"&amp#27;[0m   &amp#27;[90m# null&amp#27;[0m
  &amp#27;[36mThen &amp#27;[0m&amp#27;[36mLucy hears Sean's message&amp#27;[0m             &amp#27;[90m# null&amp#27;[0m
]]></system-out>
  </testcase>
</testsuite>